<?xml version="1.0" encoding="UTF-8"?>
<!-- Generated by org.testng.reporters.JUnitReportReporter -->
<testsuite hostname="DESKTOP-QUSVQOE" failures="0" tests="1" name="Banking_parabank_Test.Launch_App_Test" time="3.738" errors="0" timestamp="2024-05-14T18:12:02 IST" skipped="0">
  <testcase classname="Banking_parabank_Test.Launch_App_Test" name="WebBrowser" time="3.738"/>
</testsuite> <!-- Banking_parabank_Test.Launch_App_Test -->
