<?xml version="1.0" encoding="UTF-8"?>
<!-- Generated by org.testng.reporters.JUnitReportReporter -->
<testsuite hostname="DESKTOP-QUSVQOE" failures="0" tests="4" name="Banking_parabank_Test.Bill_Payment_Test" time="7.221" errors="0" timestamp="2024-05-15T14:02:56 IST" skipped="1">
  <testcase classname="Banking_parabank_Test.Bill_Payment_Test" name="launch_Url" time="2.402"/>
  <testcase classname="Banking_parabank_Test.Bill_Payment_Test" name="Test_Account_Login" time="1.204"/>
  <testcase classname="Banking_parabank_Test.Bill_Payment_Test" name="Test_Bill_payment_Payee" time="3.615"/>
  <testcase classname="Banking_parabank_Test.Bill_Payment_Test" name="Test_Register_account">
    <skipped/>
  </testcase> <!-- Test_Register_account -->
</testsuite> <!-- Banking_parabank_Test.Bill_Payment_Test -->
