<?xml version="1.0" encoding="UTF-8"?>
<!-- Generated by org.testng.reporters.JUnitReportReporter -->
<testsuite hostname="DESKTOP-QUSVQOE" failures="0" tests="3" name="Banking_parabank_Test.Transfer_Funds_Test" time="7.385" errors="0" timestamp="2024-05-15T13:36:33 IST" skipped="0">
  <testcase classname="Banking_parabank_Test.Transfer_Funds_Test" name="launch_Url" time="3.209"/>
  <testcase classname="Banking_parabank_Test.Transfer_Funds_Test" name="Test_Account_Login" time="1.306"/>
  <testcase classname="Banking_parabank_Test.Transfer_Funds_Test" name="Test_Transfer_funds" time="2.870"/>
</testsuite> <!-- Banking_parabank_Test.Transfer_Funds_Test -->
