<?xml version="1.0" encoding="UTF-8"?>
<!-- Generated by org.testng.reporters.JUnitReportReporter -->
<testsuite hostname="DESKTOP-QUSVQOE" failures="0" tests="3" name="Banking_parabank_Test.Account_login_Test01" time="3.280" errors="0" timestamp="2024-05-15T11:32:46 IST" skipped="1">
  <testcase classname="Banking_parabank_Test.Account_login_Test01" name="launch_Url" time="2.321"/>
  <testcase classname="Banking_parabank_Test.Account_login_Test01" name="Test_Account_Login" time="0.959"/>
  <testcase classname="Banking_parabank_Test.Account_login_Test01" name="Test_Register_account">
    <skipped/>
  </testcase> <!-- Test_Register_account -->
</testsuite> <!-- Banking_parabank_Test.Account_login_Test01 -->
