<?xml version="1.0" encoding="UTF-8"?>
<!-- Generated by org.testng.reporters.JUnitReportReporter -->
<testsuite hostname="DESKTOP-QUSVQOE" failures="0" tests="5" name="Banking_parabank_Test.Find_Transactions_Test" time="14.398" errors="0" timestamp="2024-05-15T18:10:21 IST" skipped="2">
  <testcase classname="Banking_parabank_Test.Find_Transactions_Test" name="launch_Url" time="3.097"/>
  <testcase classname="Banking_parabank_Test.Find_Transactions_Test" name="Test_Account_Login" time="1.320"/>
  <testcase classname="Banking_parabank_Test.Find_Transactions_Test" name="Test_Find_Transcation_id" time="9.981"/>
  <testcase classname="Banking_parabank_Test.Find_Transactions_Test" name="Test_Register_account">
    <skipped/>
  </testcase> <!-- Test_Register_account -->
  <testcase classname="Banking_parabank_Test.Find_Transactions_Test" name="Test_Bill_payment_Payee">
    <skipped/>
  </testcase> <!-- Test_Bill_payment_Payee -->
</testsuite> <!-- Banking_parabank_Test.Find_Transactions_Test -->
