<?xml version="1.0" encoding="UTF-8"?>
<!-- Generated by org.testng.reporters.JUnitReportReporter -->
<testsuite hostname="DESKTOP-QUSVQOE" failures="0" tests="2" name="Banking_parabank_Test.Register_Account_Test01" time="7.680" errors="0" timestamp="2024-05-21T13:18:12 IST" skipped="0">
  <testcase classname="Banking_parabank_Test.Register_Account_Test01" name="launch_Url" time="5.043"/>
  <testcase classname="Banking_parabank_Test.Register_Account_Test01" name="Test_Register_account" time="2.637"/>
</testsuite> <!-- Banking_parabank_Test.Register_Account_Test01 -->
