<?xml version="1.0" encoding="UTF-8"?>
<!-- Generated by org.testng.reporters.JUnitReportReporter -->
<testsuite hostname="DESKTOP-QUSVQOE" failures="0" tests="2" name="Banking_parabank_Test.Forgot_login_info_Test" time="9.020" errors="0" timestamp="2024-05-15T12:04:26 IST" skipped="0">
  <testcase classname="Banking_parabank_Test.Forgot_login_info_Test" name="launch_Url" time="4.996"/>
  <testcase classname="Banking_parabank_Test.Forgot_login_info_Test" name="Test_Forget_account" time="4.024"/>
</testsuite> <!-- Banking_parabank_Test.Forgot_login_info_Test -->
