<?xml version="1.0" encoding="UTF-8"?>
<!-- Generated by org.testng.reporters.JUnitReportReporter -->
<testsuite hostname="DESKTOP-QUSVQOE" failures="0" tests="3" name="Banking_parabank_Test.Accounts_Overview_Test" time="10.230" errors="0" timestamp="2024-05-15T12:32:44 IST" skipped="0">
  <testcase classname="Banking_parabank_Test.Accounts_Overview_Test" name="launch_Url" time="3.825"/>
  <testcase classname="Banking_parabank_Test.Accounts_Overview_Test" name="Test_Account_Login" time="1.199"/>
  <testcase classname="Banking_parabank_Test.Accounts_Overview_Test" name="Test_Account_oerview" time="5.206"/>
</testsuite> <!-- Banking_parabank_Test.Accounts_Overview_Test -->
